2024-05-20 11:40:10,861 [INFO] Activator:176 - 


2024-05-20 11:40:10,861 [INFO] Activator:177 - !SESSION log4j initialized
2024-05-20 11:40:14,305 [INFO] LogOutputStream:77 - [STDOUT_REDIRECT] 
2024-05-20 11:40:14,658 [ERROR] ConfigurationRetriever:142 - IOException on connection: sw-center.st.com
2024-05-20 11:40:14,659 [ERROR] ConfigurationRetriever:142 - IOException on connection: sw-center.st.com
2024-05-20 11:40:14,660 [ERROR] ConfigurationRetriever:142 - IOException on connection: sw-center.st.com
2024-05-20 11:40:14,663 [ERROR] ConfigurationRetriever:142 - IOException on connection: sw-center.st.com
2024-05-20 11:40:14,664 [ERROR] ConfigurationRetriever:142 - IOException on connection: sw-center.st.com
2024-05-20 11:40:14,664 [ERROR] ConfigurationRetriever:142 - IOException on connection: sw-center.st.com
2024-05-20 11:40:15,949 [ERROR] ConfigurationRetriever:142 - IOException on connection: sw-center.st.com
2024-05-20 11:40:15,949 [ERROR] ConfigurationRetriever:142 - IOException on connection: sw-center.st.com
2024-05-20 11:40:15,949 [ERROR] ConfigurationRetriever:142 - IOException on connection: sw-center.st.com
2024-05-20 11:40:16,244 [INFO] ApplicationProperties:184 - Using Application install path: C:\ST\STM32CubeIDE_1.14.1\STM32CubeIDE\plugins\com.st.stm32cube.common.mx_6.10.0.202311202037
2024-05-20 11:40:16,258 [INFO] DbMcusXml:78 - Set database path to: C:\ST\STM32CubeIDE_1.14.1\STM32CubeIDE\plugins\com.st.stm32cube.common.mx_6.10.0.202311202037\\db\/mcu/
2024-05-20 11:40:16,258 [INFO] ApiDb:274 - Set plugin database path to: C:\ST\STM32CubeIDE_1.14.1\STM32CubeIDE\plugins\com.st.stm32cube.common.mx_6.10.0.202311202037\\db\/plugins/boardmanager/
2024-05-20 11:40:16,259 [WARN] ApiDb:259 - Overriding images path with different value:  => C:\ST\STM32CubeIDE_1.14.1\STM32CubeIDE\plugins\com.st.stm32cube.common.mx_6.10.0.202311202037\\db\/plugins/mcufinder/images/
2024-05-20 11:40:16,263 [INFO] ApiDb:250 - Set database path to: C:\Users\willr\.stmcufinder\plugins\mcufinder//mcu/
2024-05-20 11:40:16,263 [INFO] DbMcusAds:125 - Set database path to: C:\Users\willr\.stmcufinder\plugins\mcufinder//mcu/
2024-05-20 11:40:16,264 [INFO] CrossReferenceDbSqlite:203 - Set database path to: C:\Users\willr\.stmcufinder\plugins\mcufinder//mcu/cs/
2024-05-20 11:40:16,337 [INFO] RulesReader:64 - Compatibility file has been processed (297 Rules)
2024-05-20 11:40:16,396 [INFO] DbMcusXml:78 - Set database path to: C:\ST\STM32CubeIDE_1.14.1\STM32CubeIDE\plugins\com.st.stm32cube.common.mx_6.10.0.202311202037\\db\/mcu/
2024-05-20 11:40:16,396 [INFO] ApiDb:274 - Set plugin database path to: C:\ST\STM32CubeIDE_1.14.1\STM32CubeIDE\plugins\com.st.stm32cube.common.mx_6.10.0.202311202037\\db\/plugins/boardmanager/
2024-05-20 11:40:16,396 [INFO] ApiDb:261 - Set plugin images path to: C:\ST\STM32CubeIDE_1.14.1\STM32CubeIDE\plugins\com.st.stm32cube.common.mx_6.10.0.202311202037\\db\/plugins/mcufinder/images/
2024-05-20 11:40:16,396 [WARN] DbFile:41 - Overriding database path with different value: C:\Users\willr\.stmcufinder\plugins\mcufinder/ => C:\Users\willr\.stmcufinder\plugins\mcufinder
2024-05-20 11:40:16,396 [INFO] ApiDb:250 - Set database path to: C:\Users\willr\.stmcufinder\plugins\mcufinder//mcu/
2024-05-20 11:40:16,396 [WARN] DbFile:41 - Overriding database path with different value: C:\Users\willr\.stmcufinder\plugins\mcufinder/ => C:\Users\willr\.stmcufinder\plugins\mcufinder
2024-05-20 11:40:16,396 [INFO] DbMcusAds:125 - Set database path to: C:\Users\willr\.stmcufinder\plugins\mcufinder//mcu/
2024-05-20 11:40:16,396 [WARN] DbFile:41 - Overriding database path with different value: C:\Users\willr\.stmcufinder\plugins\mcufinder/ => C:\Users\willr\.stmcufinder\plugins\mcufinder
2024-05-20 11:40:16,396 [WARN] DbFile:41 - Overriding database path with different value: C:\Users\willr\.stmcufinder\plugins\mcufinder/ => C:\Users\willr\.stmcufinder\plugins\mcufinder
2024-05-20 11:40:16,396 [INFO] CrossReferenceDbSqlite:203 - Set database path to: C:\Users\willr\.stmcufinder\plugins\mcufinder//mcu/cs/
2024-05-20 11:40:16,452 [INFO] MainPanel:264 - HeapMemory: 268435456
2024-05-20 11:40:16,524 [INFO] DbMcusXml:78 - Set database path to: C:\ST\STM32CubeIDE_1.14.1\STM32CubeIDE\plugins\com.st.stm32cube.common.mx_6.10.0.202311202037\\db\/mcu/
2024-05-20 11:40:16,524 [INFO] ApiDb:274 - Set plugin database path to: C:\ST\STM32CubeIDE_1.14.1\STM32CubeIDE\plugins\com.st.stm32cube.common.mx_6.10.0.202311202037\\db\/plugins/boardmanager/
2024-05-20 11:40:16,524 [INFO] ApiDb:261 - Set plugin images path to: C:\ST\STM32CubeIDE_1.14.1\STM32CubeIDE\plugins\com.st.stm32cube.common.mx_6.10.0.202311202037\\db\/plugins/mcufinder/images/
2024-05-20 11:40:16,525 [WARN] DbFile:41 - Overriding database path with different value: C:\Users\willr\.stmcufinder\plugins\mcufinder/ => C:\Users\willr\.stmcufinder\plugins\mcufinder
2024-05-20 11:40:16,525 [INFO] ApiDb:250 - Set database path to: C:\Users\willr\.stmcufinder\plugins\mcufinder//mcu/
2024-05-20 11:40:16,525 [WARN] DbFile:41 - Overriding database path with different value: C:\Users\willr\.stmcufinder\plugins\mcufinder/ => C:\Users\willr\.stmcufinder\plugins\mcufinder
2024-05-20 11:40:16,525 [INFO] DbMcusAds:125 - Set database path to: C:\Users\willr\.stmcufinder\plugins\mcufinder//mcu/
2024-05-20 11:40:16,525 [WARN] DbFile:41 - Overriding database path with different value: C:\Users\willr\.stmcufinder\plugins\mcufinder/ => C:\Users\willr\.stmcufinder\plugins\mcufinder
2024-05-20 11:40:16,525 [WARN] DbFile:41 - Overriding database path with different value: C:\Users\willr\.stmcufinder\plugins\mcufinder/ => C:\Users\willr\.stmcufinder\plugins\mcufinder
2024-05-20 11:40:16,526 [INFO] CrossReferenceDbSqlite:203 - Set database path to: C:\Users\willr\.stmcufinder\plugins\mcufinder//mcu/cs/
2024-05-20 11:40:16,544 [INFO] ApplicationProperties:184 - Using Application install path: C:\ST\STM32CubeIDE_1.14.1\STM32CubeIDE\plugins\com.st.stm32cube.common.mx_6.10.0.202311202037
2024-05-20 11:40:16,546 [INFO] PluginManage:196 - Search for loadable plugins [exclusion list=, ]
2024-05-20 11:40:16,547 [INFO] PluginManage:310 - Check plugin analytics
2024-05-20 11:40:16,672 [INFO] AnalyticsPlugin:253 - Accepted Software Licenses: 
2024-05-20 11:40:16,672 [INFO] AnalyticsPlugin:255 - Accepted CMSIS Pack Licenses: 
2024-05-20 11:40:16,672 [INFO] AnalyticsPlugin:257 - Accepted Firmware Licenses: 
2024-05-20 11:40:16,674 [INFO] PluginManage:359 - Loaded plugin analytics (category:tool,tabindex:-1)
2024-05-20 11:40:16,675 [INFO] PluginManage:310 - Check plugin cadmodel
2024-05-20 11:40:16,675 [ERROR] ConfigurationRetriever:142 - IOException on connection: sw-center.st.com
2024-05-20 11:40:16,675 [ERROR] ConfigurationRetriever:142 - IOException on connection: sw-center.st.com
2024-05-20 11:40:16,675 [ERROR] ConfigurationRetriever:142 - IOException on connection: sw-center.st.com
2024-05-20 11:40:16,688 [INFO] CADModel:105 - Init CAD model plugin
2024-05-20 11:40:16,688 [INFO] PluginManage:359 - Loaded plugin cadmodel (category:power,tabindex:5)
2024-05-20 11:40:16,688 [INFO] PluginManage:310 - Check plugin clock
2024-05-20 11:40:16,709 [INFO] PluginManage:359 - Loaded plugin clock (category:base,tabindex:2)
2024-05-20 11:40:16,709 [INFO] PluginManage:310 - Check plugin ddr
2024-05-20 11:40:16,711 [INFO] PluginManage:359 - Loaded plugin ddr (category:tool,tabindex:6)
2024-05-20 11:40:16,711 [INFO] PluginManage:310 - Check plugin filemanager
2024-05-20 11:40:16,828 [INFO] PluginManage:359 - Loaded plugin filemanager (category:base,tabindex:10)
2024-05-20 11:40:16,828 [INFO] PluginManage:310 - Check plugin ipmanager
2024-05-20 11:40:16,833 [INFO] PluginManage:359 - Loaded plugin ipmanager (category:base,tabindex:5)
2024-05-20 11:40:16,833 [INFO] PluginManage:310 - Check plugin lpbam
2024-05-20 11:40:16,848 [INFO] PluginManage:359 - Loaded plugin lpbam (category:base,tabindex:0)
2024-05-20 11:40:16,848 [INFO] PluginManage:310 - Check plugin memorymap
2024-05-20 11:40:16,867 [INFO] PluginManage:359 - Loaded plugin memorymap (category:base,tabindex:4)
2024-05-20 11:40:16,867 [INFO] PluginManage:310 - Check plugin pinoutandconfiguration
2024-05-20 11:40:16,880 [INFO] PluginManage:359 - Loaded plugin pinoutandconfiguration (category:base,tabindex:1)
2024-05-20 11:40:16,880 [INFO] PluginManage:310 - Check plugin pinoutconfig
2024-05-20 11:40:16,948 [WARN] SupportedApi:132 - Cannot load RTOS API schema: s4s-elt-must-match.1: The content of 'definitions' must match (annotation?, (simpleType | complexType)?, (unique | key | keyref)*)). A problem was found starting at: attribute.
2024-05-20 11:40:17,052 [INFO] PluginManage:359 - Loaded plugin pinoutconfig (category:base,tabindex:0)
2024-05-20 11:40:17,052 [INFO] PluginManage:310 - Check plugin power
2024-05-20 11:40:17,070 [INFO] PluginManage:359 - Loaded plugin power (category:power,tabindex:4)
2024-05-20 11:40:17,070 [INFO] PluginManage:310 - Check plugin projectmanager
2024-05-20 11:40:17,081 [INFO] PluginManage:359 - Loaded plugin projectmanager (category:projectmanager,tabindex:3)
2024-05-20 11:40:17,081 [INFO] PluginManage:310 - Check plugin thirdparty
2024-05-20 11:40:17,290 [INFO] PluginManage:359 - Loaded plugin thirdparty (category:base,tabindex:-1)
2024-05-20 11:40:17,290 [WARN] IntegrityCheckThread:84 - waiting for thirdparty lock release [integrity check]
2024-05-20 11:40:17,290 [INFO] PluginManage:310 - Check plugin tools
2024-05-20 11:40:17,290 [INFO] IntegrityCheckThread:86 - entering critical section [integrity check]
2024-05-20 11:40:17,290 [INFO] ThirdPartyUpdaterWithRetryManager:70 - Updater plugin not ready yet. [1/15]
2024-05-20 11:40:17,315 [INFO] PluginManage:359 - Loaded plugin tools (category:base,tabindex:7)
2024-05-20 11:40:17,316 [INFO] PluginManage:310 - Check plugin tutovideos
2024-05-20 11:40:17,449 [INFO] PluginManage:359 - Loaded plugin tutovideos (category:base,tabindex:-1)
2024-05-20 11:40:17,449 [INFO] PluginManage:310 - Check plugin updater
2024-05-20 11:40:17,457 [INFO] PluginManage:359 - Loaded plugin updater (category:base,tabindex:12)
2024-05-20 11:40:17,457 [INFO] PluginManage:310 - Check plugin userauth
2024-05-20 11:40:17,461 [INFO] UserAuth:114 - Init User Auth plugin
2024-05-20 11:40:17,461 [INFO] PluginManage:359 - Loaded plugin userauth (category:base,tabindex:14)
2024-05-20 11:40:17,461 [INFO] PluginManage:283 - PluginManage : Loaded plugins [17]
2024-05-20 11:40:17,610 [INFO] PinOutPanel:1499 - setPackage(No Configuration,No Configuration)
2024-05-20 11:40:17,668 [INFO] CADModel:165 - CPN selected for project level
2024-05-20 11:40:17,668 [INFO] CADModel:114 - Register for checkConnection events
2024-05-20 11:40:17,689 [INFO] IPUIPlugin:80 - create IPUIPlugin
2024-05-20 11:40:17,689 [INFO] PluginManager:220 - loadIPPluginJar : add adc
2024-05-20 11:40:17,712 [INFO] IPUIPlugin:80 - create IPUIPlugin
2024-05-20 11:40:17,713 [INFO] PluginManager:220 - loadIPPluginJar : add aes
2024-05-20 11:40:17,738 [INFO] IPUIPlugin:80 - create IPUIPlugin
2024-05-20 11:40:17,738 [INFO] PluginManager:220 - loadIPPluginJar : add can
2024-05-20 11:40:17,752 [INFO] IPUIPlugin:80 - create IPUIPlugin
2024-05-20 11:40:17,752 [INFO] PluginManager:220 - loadIPPluginJar : add comp
2024-05-20 11:40:17,773 [INFO] IPUIPlugin:80 - create IPUIPlugin
2024-05-20 11:40:17,773 [INFO] PluginManager:220 - loadIPPluginJar : add cryp
2024-05-20 11:40:17,791 [INFO] IPUIPlugin:80 - create IPUIPlugin
2024-05-20 11:40:17,792 [INFO] PluginManager:220 - loadIPPluginJar : add dfsdm
2024-05-20 11:40:17,802 [INFO] IPUIPlugin:80 - create IPUIPlugin
2024-05-20 11:40:17,802 [INFO] PluginManager:220 - loadIPPluginJar : add dma
2024-05-20 11:40:17,831 [INFO] IPUIPlugin:80 - create IPUIPlugin
2024-05-20 11:40:17,831 [INFO] PluginManager:220 - loadIPPluginJar : add dma3
2024-05-20 11:40:17,844 [INFO] IPUIPlugin:80 - create IPUIPlugin
2024-05-20 11:40:17,845 [INFO] PluginManager:220 - loadIPPluginJar : add fatfs
2024-05-20 11:40:17,877 [INFO] IPUIPlugin:80 - create IPUIPlugin
2024-05-20 11:40:17,878 [INFO] PluginManager:220 - loadIPPluginJar : add fmc
2024-05-20 11:40:17,889 [INFO] IPUIPlugin:80 - create IPUIPlugin
2024-05-20 11:40:17,889 [INFO] PluginManager:220 - loadIPPluginJar : add freertos
2024-05-20 11:40:17,903 [INFO] IPUIPlugin:80 - create IPUIPlugin
2024-05-20 11:40:17,903 [INFO] PluginManager:220 - loadIPPluginJar : add genericplugin
2024-05-20 11:40:17,954 [INFO] IPUIPlugin:80 - create IPUIPlugin
2024-05-20 11:40:17,954 [INFO] PluginManager:220 - loadIPPluginJar : add gfxmmu
2024-05-20 11:40:18,027 [INFO] IPUIPlugin:80 - create IPUIPlugin
2024-05-20 11:40:18,027 [INFO] PluginManager:220 - loadIPPluginJar : add gic
2024-05-20 11:40:18,036 [INFO] IPUIPlugin:80 - create IPUIPlugin
2024-05-20 11:40:18,036 [INFO] PluginManager:220 - loadIPPluginJar : add gpio
2024-05-20 11:40:18,092 [INFO] IPUIPlugin:80 - create IPUIPlugin
2024-05-20 11:40:18,092 [INFO] PluginManager:220 - loadIPPluginJar : add gtzc
2024-05-20 11:40:18,120 [INFO] IPUIPlugin:80 - create IPUIPlugin
2024-05-20 11:40:18,120 [INFO] PluginManager:220 - loadIPPluginJar : add hash
2024-05-20 11:40:18,151 [INFO] IPUIPlugin:80 - create IPUIPlugin
2024-05-20 11:40:18,151 [INFO] PluginManager:220 - loadIPPluginJar : add i2c
2024-05-20 11:40:18,174 [INFO] IPUIPlugin:80 - create IPUIPlugin
2024-05-20 11:40:18,174 [INFO] PluginManager:220 - loadIPPluginJar : add i2s
2024-05-20 11:40:18,199 [INFO] IPUIPlugin:80 - create IPUIPlugin
2024-05-20 11:40:18,199 [INFO] PluginManager:220 - loadIPPluginJar : add i3c
2024-05-20 11:40:18,261 [INFO] IPUIPlugin:80 - create IPUIPlugin
2024-05-20 11:40:18,261 [INFO] PluginManager:220 - loadIPPluginJar : add ipddr
2024-05-20 11:40:18,311 [INFO] IPUIPlugin:80 - create IPUIPlugin
2024-05-20 11:40:18,311 [INFO] PluginManager:220 - loadIPPluginJar : add linkedlist
2024-05-20 11:40:18,335 [INFO] IPUIPlugin:80 - create IPUIPlugin
2024-05-20 11:40:18,335 [INFO] PluginManager:220 - loadIPPluginJar : add lorawan
2024-05-20 11:40:18,358 [INFO] IPUIPlugin:80 - create IPUIPlugin
2024-05-20 11:40:18,358 [INFO] PluginManager:220 - loadIPPluginJar : add ltdc
2024-05-20 11:40:18,369 [INFO] IPUIPlugin:80 - create IPUIPlugin
2024-05-20 11:40:18,369 [INFO] PluginManager:220 - loadIPPluginJar : add mdma
2024-05-20 11:40:18,377 [INFO] IPUIPlugin:80 - create IPUIPlugin
2024-05-20 11:40:18,377 [INFO] PluginManager:220 - loadIPPluginJar : add nvic
2024-05-20 11:40:18,400 [INFO] IPUIPlugin:80 - create IPUIPlugin
2024-05-20 11:40:18,400 [INFO] PluginManager:220 - loadIPPluginJar : add opamp
2024-05-20 11:40:18,434 [INFO] IPUIPlugin:80 - create IPUIPlugin
2024-05-20 11:40:18,434 [INFO] PluginManager:220 - loadIPPluginJar : add openamp
2024-05-20 11:40:18,460 [INFO] IPUIPlugin:80 - create IPUIPlugin
2024-05-20 11:40:18,460 [INFO] PluginManager:220 - loadIPPluginJar : add pdm2pcm
2024-05-20 11:40:18,471 [INFO] IPUIPlugin:80 - create IPUIPlugin
2024-05-20 11:40:18,472 [INFO] PluginManager:220 - loadIPPluginJar : add plateformsettings
2024-05-20 11:40:18,487 [INFO] IPUIPlugin:80 - create IPUIPlugin
2024-05-20 11:40:18,487 [INFO] PluginManager:220 - loadIPPluginJar : add quadspi
2024-05-20 11:40:18,497 [INFO] IPUIPlugin:80 - create IPUIPlugin
2024-05-20 11:40:18,498 [INFO] PluginManager:220 - loadIPPluginJar : add resmgrutility
2024-05-20 11:40:18,534 [INFO] IPUIPlugin:80 - create IPUIPlugin
2024-05-20 11:40:18,534 [INFO] PluginManager:220 - loadIPPluginJar : add sai
2024-05-20 11:40:18,558 [INFO] IPUIPlugin:80 - create IPUIPlugin
2024-05-20 11:40:18,558 [INFO] PluginManager:220 - loadIPPluginJar : add spi
2024-05-20 11:40:18,598 [INFO] IPUIPlugin:80 - create IPUIPlugin
2024-05-20 11:40:18,598 [INFO] PluginManager:220 - loadIPPluginJar : add stm32_wpan
2024-05-20 11:40:18,615 [INFO] IPUIPlugin:80 - create IPUIPlugin
2024-05-20 11:40:18,615 [INFO] PluginManager:220 - loadIPPluginJar : add tim
2024-05-20 11:40:18,648 [INFO] IPUIPlugin:80 - create IPUIPlugin
2024-05-20 11:40:18,648 [INFO] PluginManager:220 - loadIPPluginJar : add touchsensing
2024-05-20 11:40:18,665 [INFO] IPUIPlugin:80 - create IPUIPlugin
2024-05-20 11:40:18,665 [INFO] PluginManager:220 - loadIPPluginJar : add tracer_emb
2024-05-20 11:40:18,680 [INFO] IPUIPlugin:80 - create IPUIPlugin
2024-05-20 11:40:18,680 [INFO] PluginManager:220 - loadIPPluginJar : add ts
2024-05-20 11:40:18,698 [INFO] IPUIPlugin:80 - create IPUIPlugin
2024-05-20 11:40:18,698 [INFO] PluginManager:220 - loadIPPluginJar : add tsc
2024-05-20 11:40:18,715 [INFO] IPUIPlugin:80 - create IPUIPlugin
2024-05-20 11:40:18,715 [INFO] PluginManager:220 - loadIPPluginJar : add ucpd
2024-05-20 11:40:18,741 [INFO] IPUIPlugin:80 - create IPUIPlugin
2024-05-20 11:40:18,741 [INFO] PluginManager:220 - loadIPPluginJar : add usart
2024-05-20 11:40:18,770 [INFO] IPUIPlugin:80 - create IPUIPlugin
2024-05-20 11:40:18,770 [INFO] PluginManager:220 - loadIPPluginJar : add usbx
2024-05-20 11:40:18,879 [INFO] CADModel:165 - CPN selected for project level
2024-05-20 11:40:18,879 [INFO] CADModel:114 - Register for checkConnection events
2024-05-20 11:40:18,879 [FATAL] Updater:308 - Updater called before beeing initialized
2024-05-20 11:40:18,880 [ERROR] CADModel:125 - Updater not yet initialized, retry later 
2024-05-20 11:40:18,990 [INFO] CADModel:165 - CPN selected for project level
2024-05-20 11:40:18,990 [INFO] CADModel:114 - Register for checkConnection events
2024-05-20 11:40:18,990 [FATAL] Updater:308 - Updater called before beeing initialized
2024-05-20 11:40:18,990 [ERROR] CADModel:125 - Updater not yet initialized, retry later 
2024-05-20 11:40:18,993 [FATAL] Updater:308 - Updater called before beeing initialized
2024-05-20 11:40:19,053 [FATAL] Updater:308 - Updater called before beeing initialized
2024-05-20 11:40:19,060 [INFO] DbMcusAds:53 - JSON generation date=Thu May 16 19:22:00 AEST 2024 (1715851320852)
2024-05-20 11:40:19,060 [FATAL] Updater:308 - Updater called before beeing initialized
2024-05-20 11:40:19,117 [WARN] DetailPanel:346 - Failed to get advertising image, set to default
2024-05-20 11:40:19,181 [FATAL] Updater:308 - Updater called before beeing initialized
2024-05-20 11:40:19,183 [FATAL] Updater:308 - Updater called before beeing initialized
2024-05-20 11:40:19,183 [FATAL] Updater:308 - Updater called before beeing initialized
2024-05-20 11:40:19,183 [WARN] DetailPanel:346 - Failed to get advertising image, set to default
2024-05-20 11:40:19,183 [FATAL] Updater:308 - Updater called before beeing initialized
2024-05-20 11:40:19,219 [ERROR] Updater:1120 - MainUpdater not yet initialized. External WinMGr cannot be set.
2024-05-20 11:40:19,225 [INFO] Updater:1056 - Updater Version found : 6.10.0
2024-05-20 11:40:19,239 [INFO] ApplicationProperties:184 - Using Application install path: C:\ST\STM32CubeIDE_1.14.1\STM32CubeIDE\plugins\com.st.stm32cube.common.mx_6.10.0.202311202037
2024-05-20 11:40:20,290 [INFO] ThirdPartyUpdaterWithRetryManager:70 - Updater plugin not ready yet. [2/15]
2024-05-20 11:40:20,823 [ERROR] LogOutputStream:75 - [STDERR_REDIRECT] May 20, 2024 11:40:20 AM java.util.prefs.WindowsPreferences <init>
2024-05-20 11:40:20,824 [ERROR] LogOutputStream:75 - [STDERR_REDIRECT] WARNING: Could not open/create prefs root node Software\JavaSoft\Prefs at root 0xffffffff80000002. Windows RegCreateKeyEx(...) returned error code 5.
2024-05-20 11:40:20,824 [ERROR] LogOutputStream:75 - [STDERR_REDIRECT] 
2024-05-20 11:40:21,014 [INFO] MainUpdater:2873 - connection check result : 22
2024-05-20 11:40:21,015 [INFO] MainUpdater:290 - Updater Check For Update Now.
2024-05-20 11:40:21,015 [INFO] MicroXplorer:498 - Change Database Version : DB.6.0.100
2024-05-20 11:40:21,034 [INFO] McuFinderGlobals:63 - Set McuFinder mode to 2 (CubeIDE integrated)
2024-05-20 11:40:21,034 [INFO] UserAuth:180 - activating auth plugin
2024-05-20 11:40:21,038 [INFO] UserAuth:404 - Internet connection configuration mode: 2
2024-05-20 11:40:21,056 [INFO] UserAuth:404 - Internet connection configuration mode: 2
2024-05-20 11:40:21,208 [INFO] CheckServerUpdateThread:120 - End of CheckServer Thread
2024-05-20 11:40:23,420 [WARN] PackLoader:240 - Cannot read IP mode file for STMicroelectronics.FP-SNS-MOTENVWB1.1.4.0
2024-05-20 11:40:23,440 [WARN] PackLoader:240 - Cannot read IP mode file for STMicroelectronics.X-CUBE-SMBUS.2.1.0
2024-05-20 11:40:23,455 [WARN] PackLoader:240 - Cannot read IP mode file for STMicroelectronics.X-CUBE-TOUCHGFX.4.23.0
2024-05-20 11:40:23,468 [WARN] PackLoader:240 - Cannot read IP mode file for STMicroelectronics.X-CUBE-TOUCHGFX.4.23.2
2024-05-20 11:40:23,506 [WARN] PackLoader:240 - Cannot read IP mode file for STMicroelectronics.X-CUBE-AZRTOS-F7.1.1.0
2024-05-20 11:40:23,530 [WARN] PackLoader:240 - Cannot read IP mode file for STMicroelectronics.FP-SNS-MOTENV1.4.3.2
2024-05-20 11:40:23,551 [WARN] PackLoader:240 - Cannot read IP mode file for STMicroelectronics.FP-SNS-FLIGHT1.5.0.2
2024-05-20 11:40:23,569 [WARN] PackLoader:240 - Cannot read IP mode file for STMicroelectronics.X-CUBE-DISPLAY.3.0.0
2024-05-20 11:40:23,592 [WARN] PackLoader:240 - Cannot read IP mode file for STMicroelectronics.X-CUBE-BLE1.7.0.0
2024-05-20 11:40:23,610 [WARN] PackLoader:240 - Cannot read IP mode file for emotas.I-CUBE-CANOPEN.1.3.0
2024-05-20 11:40:23,628 [WARN] PackLoader:240 - Cannot read IP mode file for STMicroelectronics.X-CUBE-BLEMGR.3.1.0
2024-05-20 11:40:23,645 [WARN] PackLoader:240 - Cannot read IP mode file for STMicroelectronics.FP-SNS-SMARTAG2.1.2.0
2024-05-20 11:40:23,666 [INFO] LogOutputStream:77 - [STDOUT_REDIRECT] 1 : Invalid condition id : UX_CORESTACK_Condition cause : null
2024-05-20 11:40:23,667 [INFO] LogOutputStream:77 - [STDOUT_REDIRECT] 1 : Invalid condition id : UX_CORESTACK_Condition cause : null
2024-05-20 11:40:23,667 [INFO] LogOutputStream:77 - [STDOUT_REDIRECT] 1 : Invalid condition id : UX_CORESTACK_Condition cause : null
2024-05-20 11:40:23,668 [INFO] LogOutputStream:77 - [STDOUT_REDIRECT] 1 : Invalid condition id : UX_CORESTACK_Condition cause : null
2024-05-20 11:40:23,668 [INFO] LogOutputStream:77 - [STDOUT_REDIRECT] 1 : Invalid condition id : UX_CORESTACK_Condition cause : null
2024-05-20 11:40:23,670 [WARN] PackLoader:240 - Cannot read IP mode file for STMicroelectronics.X-CUBE-AZRTOS-WL.2.0.0
2024-05-20 11:40:23,685 [WARN] PackLoader:240 - Cannot read IP mode file for STMicroelectronics.FP-SNS-MOTENV1.5.0.0
2024-05-20 11:40:23,704 [WARN] PackLoader:240 - Cannot read IP mode file for WES.I-CUBE-Cesium.1.3.0
2024-05-20 11:40:23,719 [WARN] PackLoader:240 - Cannot read IP mode file for STMicroelectronics.X-CUBE-BLE2.3.3.0
2024-05-20 11:40:23,733 [WARN] PackLoader:240 - Cannot read IP mode file for STMicroelectronics.X-CUBE-TCPP.4.1.0
2024-05-20 11:40:23,747 [WARN] PackLoader:240 - Cannot read IP mode file for STMicroelectronics.X-CUBE-ALGOBUILD.1.3.0
2024-05-20 11:40:23,770 [WARN] PackLoader:240 - Cannot read IP mode file for STMicroelectronics.X-CUBE-AZRTOS-G0.1.1.0
2024-05-20 11:40:23,801 [WARN] PackLoader:240 - Cannot read IP mode file for STMicroelectronics.X-CUBE-SAFEA1.1.2.2
2024-05-20 11:40:23,820 [WARN] PackLoader:240 - Cannot read IP mode file for STMicroelectronics.X-CUBE-NFC4.3.0.0
2024-05-20 11:40:23,839 [WARN] PackLoader:240 - Cannot read IP mode file for STMicroelectronics.FP-ATR-SIGFOX1.3.2.0
2024-05-20 11:40:23,893 [WARN] PackLoader:240 - Cannot read IP mode file for STMicroelectronics.X-CUBE-EEPRMA1.5.1.0
2024-05-20 11:40:23,931 [WARN] PackLoader:240 - Cannot read IP mode file for SEGGER.I-CUBE-embOS.1.3.1
2024-05-20 11:40:23,983 [WARN] PackLoader:240 - Cannot read IP mode file for STMicroelectronics.X-CUBE-ALGOBUILD.1.4.0
2024-05-20 11:40:24,004 [WARN] PackLoader:240 - Cannot read IP mode file for STMicroelectronics.X-CUBE-GNSS1.6.0.0
2024-05-20 11:40:24,037 [WARN] PackLoader:240 - Cannot read IP mode file for STMicroelectronics.X-CUBE-AZRTOS-F4.1.1.0
2024-05-20 11:40:24,060 [WARN] PackLoader:240 - Cannot read IP mode file for STMicroelectronics.X-CUBE-FREERTOS.1.2.0
2024-05-20 11:40:24,080 [WARN] PackLoader:240 - Cannot read IP mode file for wolfSSL.I-CUBE-wolfSSL.5.6.6
2024-05-20 11:40:24,112 [WARN] PackLoader:240 - Cannot read IP mode file for STMicroelectronics.X-CUBE-AZRTOS-L5.2.0.0
2024-05-20 11:40:24,133 [WARN] PackLoader:240 - Cannot read IP mode file for STMicroelectronics.X-CUBE-NFC6.3.1.0
2024-05-20 11:40:24,153 [WARN] PackLoader:240 - Cannot read IP mode file for ITTIA_DB.I-CUBE-ITTIADB.8.8.0
2024-05-20 11:40:24,171 [WARN] PackLoader:240 - Cannot read IP mode file for STMicroelectronics.X-CUBE-AI.9.0.0
2024-05-20 11:40:24,188 [WARN] PackLoader:240 - Cannot read IP mode file for STMicroelectronics.X-CUBE-NFC7.1.0.1
2024-05-20 11:40:24,210 [WARN] PackLoader:240 - Cannot read IP mode file for STMicroelectronics.X-CUBE-NFC6.3.0.0
2024-05-20 11:40:24,229 [WARN] PackLoader:240 - Cannot read IP mode file for STMicroelectronics.X-CUBE-AI.8.1.0
2024-05-20 11:40:24,259 [WARN] ConditionMgr:438 - getConditionDescription Invalid condition id : LAN8742 Phy interface Condition cause : null
2024-05-20 11:40:24,260 [WARN] PackLoader:240 - Cannot read IP mode file for STMicroelectronics.X-CUBE-AZRTOS-L4.2.0.0
2024-05-20 11:40:24,267 [WARN] ConditionMgr:1039 - genDependencies : Invalid condition id : LAN8742 Phy interface Condition cause : null
2024-05-20 11:40:24,268 [WARN] ConditionMgr:1039 - genDependencies : Invalid condition id : LAN8742 Phy interface Condition cause : null
2024-05-20 11:40:24,268 [WARN] ConditionMgr:1039 - genDependencies : Invalid condition id : LAN8742 Phy interface Condition cause : null
2024-05-20 11:40:24,290 [WARN] PackLoader:240 - Cannot read IP mode file for STMicroelectronics.X-CUBE-SFXS2LP1.4.0.0
2024-05-20 11:40:24,317 [WARN] ConditionMgr:438 - getConditionDescription Invalid condition id : UX DEVICE CLASS RTOS Condition cause : null
2024-05-20 11:40:24,318 [WARN] ConditionMgr:438 - getConditionDescription Invalid condition id : UX DEVICE CLASS RTOS Condition cause : null
2024-05-20 11:40:24,322 [WARN] PackLoader:240 - Cannot read IP mode file for STMicroelectronics.X-CUBE-AZRTOS-WB.2.0.0
2024-05-20 11:40:24,323 [WARN] ConditionMgr:1039 - genDependencies : Invalid condition id : UX DEVICE CLASS RTOS Condition cause : null
2024-05-20 11:40:24,323 [WARN] ConditionMgr:1039 - genDependencies : Invalid condition id : UX DEVICE CLASS RTOS Condition cause : null
2024-05-20 11:40:24,324 [WARN] ConditionMgr:1039 - genDependencies : Invalid condition id : UX DEVICE CLASS RTOS Condition cause : null
2024-05-20 11:40:24,324 [WARN] ConditionMgr:1039 - genDependencies : Invalid condition id : UX DEVICE CLASS RTOS Condition cause : null
2024-05-20 11:40:24,325 [WARN] ConditionMgr:1039 - genDependencies : Invalid condition id : UX DEVICE CLASS RTOS Condition cause : null
2024-05-20 11:40:24,349 [WARN] PackLoader:240 - Cannot read IP mode file for STMicroelectronics.X-CUBE-SUBG2.5.0.0
2024-05-20 11:40:24,372 [WARN] PackLoader:240 - Cannot read IP mode file for Cesanta.I-CUBE-Mongoose.7.13.0
2024-05-20 11:40:24,400 [WARN] PackLoader:240 - Cannot read IP mode file for STMicroelectronics.X-CUBE-AZRTOS-G4.2.0.0
2024-05-20 11:40:24,426 [WARN] PackLoader:240 - Cannot read IP mode file for Infineon.AIROC-Wi-Fi-Bluetooth-STM32.1.5.1
2024-05-20 11:40:24,447 [WARN] PackLoader:240 - Cannot read IP mode file for STMicroelectronics.FP-SNS-MOTENVWB1.1.3.1
2024-05-20 11:40:24,465 [WARN] PackLoader:240 - Cannot read IP mode file for STMicroelectronics.X-CUBE-ISPU.2.0.0
2024-05-20 11:40:24,513 [WARN] PackLoader:240 - Cannot read IP mode file for STMicroelectronics.X-CUBE-MEMS1.10.0.0
2024-05-20 11:40:24,601 [WARN] PackLoader:240 - Cannot read IP mode file for STMicroelectronics.X-CUBE-FREERTOS.1.1.0
2024-05-20 11:40:24,624 [WARN] PackLoader:240 - Cannot read IP mode file for portGmbH.I-Cube-SoM-uGOAL.1.1.0
2024-05-20 11:40:24,650 [WARN] PackLoader:240 - Cannot read IP mode file for STMicroelectronics.X-CUBE-ALS.1.0.1
2024-05-20 11:40:24,693 [WARN] PackLoader:240 - Cannot read IP mode file for STMicroelectronics.X-CUBE-AZRTOS-H7RS.1.0.0
2024-05-20 11:40:24,713 [WARN] PackLoader:240 - Cannot read IP mode file for STMicroelectronics.FP-ATR-ASTRA1.2.0.0
2024-05-20 11:40:24,740 [WARN] PackLoader:240 - Cannot read IP mode file for STMicroelectronics.X-CUBE-TOF1.3.4.1
2024-05-20 11:40:24,780 [WARN] PackLoader:240 - Cannot read IP mode file for STMicroelectronics.X-CUBE-AZRTOS-H7.3.2.0
2024-05-20 11:40:24,783 [INFO] ThirdParty:978 - Integrity check success = true
2024-05-20 11:40:24,783 [INFO] IntegrityCheckThread:100 - exiting critical section [integrity check]
2024-05-20 11:40:24,783 [INFO] IntegrityCheckThread:103 - End integrity checks thread
2024-05-20 11:40:41,940 [ERROR] LogOutputStream:75 - [STDERR_REDIRECT] SLF4J: Failed to load class "org.slf4j.impl.StaticLoggerBinder".
2024-05-20 11:40:41,940 [ERROR] LogOutputStream:75 - [STDERR_REDIRECT] SLF4J: Defaulting to no-operation (NOP) logger implementation
2024-05-20 11:40:41,941 [ERROR] LogOutputStream:75 - [STDERR_REDIRECT] SLF4J: See http://www.slf4j.org/codes.html#StaticLoggerBinder for further details.
2024-05-20 11:40:47,113 [ERROR] ConfigurationRetriever:142 - IOException on connection: sw-center.st.com
2024-05-20 11:40:47,113 [ERROR] ConfigurationRetriever:142 - IOException on connection: sw-center.st.com
2024-05-20 11:40:47,114 [ERROR] ConfigurationRetriever:142 - IOException on connection: sw-center.st.com
2024-05-20 11:43:02,157 [ERROR] ConfigurationRetriever:142 - IOException on connection: sw-center.st.com
2024-05-20 11:43:02,158 [ERROR] ConfigurationRetriever:142 - IOException on connection: sw-center.st.com
2024-05-20 11:43:02,158 [ERROR] ConfigurationRetriever:142 - IOException on connection: sw-center.st.com
2024-05-20 11:43:02,278 [ERROR] ConfigurationRetriever:142 - IOException on connection: sw-center.st.com
2024-05-20 11:43:02,278 [ERROR] ConfigurationRetriever:142 - IOException on connection: sw-center.st.com
2024-05-20 11:43:02,278 [ERROR] ConfigurationRetriever:142 - IOException on connection: sw-center.st.com
2024-05-20 11:44:23,907 [ERROR] ConfigurationRetriever:142 - IOException on connection: sw-center.st.com
2024-05-20 11:44:23,907 [ERROR] ConfigurationRetriever:142 - IOException on connection: sw-center.st.com
2024-05-20 11:44:23,908 [ERROR] ConfigurationRetriever:142 - IOException on connection: sw-center.st.com
2024-05-20 11:44:24,004 [ERROR] ConfigurationRetriever:142 - IOException on connection: sw-center.st.com
2024-05-20 11:44:24,004 [ERROR] ConfigurationRetriever:142 - IOException on connection: sw-center.st.com
2024-05-20 11:44:24,004 [ERROR] ConfigurationRetriever:142 - IOException on connection: sw-center.st.com
2024-05-20 11:45:45,845 [ERROR] ConfigurationRetriever:142 - IOException on connection: sw-center.st.com
2024-05-20 11:45:45,846 [ERROR] ConfigurationRetriever:142 - IOException on connection: sw-center.st.com
2024-05-20 11:45:45,846 [ERROR] ConfigurationRetriever:142 - IOException on connection: sw-center.st.com
2024-05-20 11:45:45,970 [ERROR] ConfigurationRetriever:142 - IOException on connection: sw-center.st.com
2024-05-20 11:45:45,971 [ERROR] ConfigurationRetriever:142 - IOException on connection: sw-center.st.com
2024-05-20 11:45:45,971 [ERROR] ConfigurationRetriever:142 - IOException on connection: sw-center.st.com
2024-05-20 11:46:16,558 [ERROR] ConfigurationRetriever:142 - IOException on connection: sw-center.st.com
2024-05-20 11:46:16,558 [ERROR] ConfigurationRetriever:142 - IOException on connection: sw-center.st.com
2024-05-20 11:46:16,559 [ERROR] ConfigurationRetriever:142 - IOException on connection: sw-center.st.com
2024-05-20 11:46:16,678 [ERROR] ConfigurationRetriever:142 - IOException on connection: sw-center.st.com
2024-05-20 11:46:16,678 [ERROR] ConfigurationRetriever:142 - IOException on connection: sw-center.st.com
2024-05-20 11:46:16,678 [ERROR] ConfigurationRetriever:142 - IOException on connection: sw-center.st.com
2024-05-20 12:36:18,223 [ERROR] ConfigurationRetriever:142 - IOException on connection: sw-center.st.com
2024-05-20 12:36:18,223 [ERROR] ConfigurationRetriever:142 - IOException on connection: sw-center.st.com
2024-05-20 12:36:18,224 [ERROR] ConfigurationRetriever:142 - IOException on connection: sw-center.st.com
2024-05-20 12:36:18,343 [ERROR] ConfigurationRetriever:142 - IOException on connection: sw-center.st.com
2024-05-20 12:36:18,345 [ERROR] ConfigurationRetriever:142 - IOException on connection: sw-center.st.com
2024-05-20 12:36:18,345 [ERROR] ConfigurationRetriever:142 - IOException on connection: sw-center.st.com
2024-05-20 12:40:33,895 [ERROR] ConfigurationRetriever:142 - IOException on connection: sw-center.st.com
2024-05-20 12:40:33,896 [ERROR] ConfigurationRetriever:142 - IOException on connection: sw-center.st.com
2024-05-20 12:40:33,896 [ERROR] ConfigurationRetriever:142 - IOException on connection: sw-center.st.com
2024-05-20 12:40:34,004 [ERROR] ConfigurationRetriever:142 - IOException on connection: sw-center.st.com
2024-05-20 12:40:34,004 [ERROR] ConfigurationRetriever:142 - IOException on connection: sw-center.st.com
2024-05-20 12:40:34,004 [ERROR] ConfigurationRetriever:142 - IOException on connection: sw-center.st.com
2024-05-20 13:06:29,996 [ERROR] ConfigurationRetriever:142 - IOException on connection: sw-center.st.com
2024-05-20 13:06:29,997 [ERROR] ConfigurationRetriever:142 - IOException on connection: sw-center.st.com
2024-05-20 13:06:29,997 [ERROR] ConfigurationRetriever:142 - IOException on connection: sw-center.st.com
2024-05-20 13:25:07,717 [ERROR] ConfigurationRetriever:142 - IOException on connection: sw-center.st.com
2024-05-20 13:25:07,718 [ERROR] ConfigurationRetriever:142 - IOException on connection: sw-center.st.com
2024-05-20 13:25:07,718 [ERROR] ConfigurationRetriever:142 - IOException on connection: sw-center.st.com
2024-05-20 13:25:07,882 [ERROR] ConfigurationRetriever:142 - IOException on connection: sw-center.st.com
2024-05-20 13:25:07,883 [ERROR] ConfigurationRetriever:142 - IOException on connection: sw-center.st.com
2024-05-20 13:25:07,884 [ERROR] ConfigurationRetriever:142 - IOException on connection: sw-center.st.com
2024-05-20 13:25:21,183 [ERROR] ConfigurationRetriever:142 - IOException on connection: sw-center.st.com
2024-05-20 13:25:21,184 [ERROR] ConfigurationRetriever:142 - IOException on connection: sw-center.st.com
2024-05-20 13:25:21,184 [ERROR] ConfigurationRetriever:142 - IOException on connection: sw-center.st.com
2024-05-20 13:33:21,295 [ERROR] ConfigurationRetriever:142 - IOException on connection: sw-center.st.com
2024-05-20 13:33:21,296 [ERROR] ConfigurationRetriever:142 - IOException on connection: sw-center.st.com
2024-05-20 13:33:21,297 [ERROR] ConfigurationRetriever:142 - IOException on connection: sw-center.st.com
2024-05-20 13:33:21,547 [ERROR] ConfigurationRetriever:142 - IOException on connection: sw-center.st.com
2024-05-20 13:33:21,547 [ERROR] ConfigurationRetriever:142 - IOException on connection: sw-center.st.com
2024-05-20 13:33:21,548 [ERROR] ConfigurationRetriever:142 - IOException on connection: sw-center.st.com
2024-05-20 13:40:13,414 [ERROR] ConfigurationRetriever:142 - IOException on connection: sw-center.st.com
2024-05-20 13:40:13,415 [ERROR] ConfigurationRetriever:142 - IOException on connection: sw-center.st.com
2024-05-20 13:40:13,415 [ERROR] ConfigurationRetriever:142 - IOException on connection: sw-center.st.com
2024-05-20 13:40:13,609 [ERROR] ConfigurationRetriever:142 - IOException on connection: sw-center.st.com
2024-05-20 13:40:13,610 [ERROR] ConfigurationRetriever:142 - IOException on connection: sw-center.st.com
2024-05-20 13:40:13,610 [ERROR] ConfigurationRetriever:142 - IOException on connection: sw-center.st.com
2024-05-20 13:41:48,182 [ERROR] ConfigurationRetriever:142 - IOException on connection: sw-center.st.com
2024-05-20 13:41:48,182 [ERROR] ConfigurationRetriever:142 - IOException on connection: sw-center.st.com
2024-05-20 13:41:48,184 [ERROR] ConfigurationRetriever:142 - IOException on connection: sw-center.st.com
